<?xml version="1.0" encoding="UTF-8"?>
<!-- Generated by org.testng.reporters.JUnitXMLReporter -->
<testsuite hostname="EPRURYAW0075" name="Test" tests="31" failures="0" timestamp="26 Nov 2015 15:57:20 GMT" time="0.123" errors="0">
  <testcase name="testCircleNullPointer" time="0.005" classname="environment.TestFactory"/>
  <testcase name="testCircleNullPointer" time="0.001" classname="environment.TestFactory"/>
  <testcase name="testCircleNullPointer" time="0.0" classname="environment.TestFactory"/>
  <testcase name="testRectangleIsNotQuadrate" time="0.002" classname="environment.NegativeTestsNG"/>
  <testcase name="testCircleGetCircumference" time="0.002" classname="environment.TestFactory"/>
  <testcase name="testCircleGetCircumference" time="0.001" classname="environment.TestFactory"/>
  <testcase name="testCircleGetCircumference" time="0.001" classname="environment.TestFactory"/>
  <testcase name="testCircleGetSquare" time="0.0" classname="environment.TestFactory"/>
  <testcase name="testCircleGetSquare" time="0.001" classname="environment.TestFactory"/>
  <testcase name="testCircleGetSquare" time="0.001" classname="environment.TestFactory"/>
  <testcase name="testQuadrateGetPerimeter" time="0.0" classname="environment.TestFactory"/>
  <testcase name="testQuadrateGetPerimeter" time="0.0" classname="environment.TestFactory"/>
  <testcase name="testQuadrateGetPerimeter" time="0.001" classname="environment.TestFactory"/>
  <testcase name="testQuadrateGetSquare" time="0.0" classname="environment.TestFactory"/>
  <testcase name="testQuadrateGetSquare" time="0.001" classname="environment.TestFactory"/>
  <testcase name="testQuadrateGetSquare" time="0.0" classname="environment.TestFactory"/>
  <testcase name="testRectangleGetPerimeter" time="0.001" classname="environment.TestFactory"/>
  <testcase name="testRectangleGetPerimeter" time="0.001" classname="environment.TestFactory"/>
  <testcase name="testRectangleGetPerimeter" time="0.0" classname="environment.TestFactory"/>
  <testcase name="testRectangleGetPerimeter" time="0.001" classname="environment.TestFactory"/>
  <testcase name="testRectangleGetPerimeter" time="0.002" classname="environment.TestFactory"/>
  <testcase name="testRectangleGetPerimeter" time="0.0" classname="environment.TestFactory"/>
  <testcase name="testRectangleGetPerimeter" time="0.001" classname="environment.TestFactory"/>
  <testcase name="testRectangleGetPerimeter" time="0.0" classname="environment.TestFactory"/>
  <testcase name="testRectangleGetPerimeter" time="0.001" classname="environment.TestFactory"/>
  <testcase name="testRectangleGetSquare" time="0.001" classname="environment.TestFactory"/>
  <testcase name="testRectangleGetSquare" time="0.001" classname="environment.TestFactory"/>
  <testcase name="testRectangleGetSquare" time="0.001" classname="environment.TestFactory"/>
  <testcase name="testRectangleIsQuadrate" time="0.001" classname="environment.TestFactory"/>
  <testcase name="testRectangleIsQuadrate" time="0.0" classname="environment.TestFactory"/>
  <testcase name="testRectangleIsQuadrate" time="0.0" classname="environment.TestFactory"/>
</testsuite> <!-- Test -->
