<?xml version="1.0" encoding="UTF-8"?>
<testng-results skipped="0" failed="0" total="1" passed="1">
  <reporter-output>
  </reporter-output>
  <suite name="Default suite" duration-ms="31" started-at="2015-11-27T09:58:42Z" finished-at="2015-11-27T09:58:42Z">
    <groups>
    </groups>
    <test name="Default test" duration-ms="31" started-at="2015-11-27T09:58:42Z" finished-at="2015-11-27T09:58:42Z">
      <class name="environment.NegativeTestsNG">
        <test-method status="PASS" signature="testPreparation()[pri:0, instance:environment.NegativeTestsNG@90acb9b]" name="testPreparation" is-config="true" duration-ms="10" started-at="2015-11-27T12:58:42Z" finished-at="2015-11-27T12:58:42Z">
          <reporter-output>
          </reporter-output>
        </test-method> <!-- testPreparation -->
        <test-method status="PASS" signature="testRectangleIsNotQuadrate()[pri:0, instance:environment.NegativeTestsNG@90acb9b]" name="testRectangleIsNotQuadrate" duration-ms="7" started-at="2015-11-27T12:58:42Z" finished-at="2015-11-27T12:58:42Z">
          <reporter-output>
          </reporter-output>
        </test-method> <!-- testRectangleIsNotQuadrate -->
        <test-method status="PASS" signature="testFinalisation()[pri:0, instance:environment.NegativeTestsNG@90acb9b]" name="testFinalisation" is-config="true" duration-ms="0" started-at="2015-11-27T12:58:42Z" finished-at="2015-11-27T12:58:42Z">
          <reporter-output>
          </reporter-output>
        </test-method> <!-- testFinalisation -->
      </class> <!-- environment.NegativeTestsNG -->
    </test> <!-- Default test -->
  </suite> <!-- Default suite -->
</testng-results>
